[1110/122335:INFO:CONSOLE(0)] "The source list for Content Security Policy directive 'script-src' contains an invalid source: ''report-sample''. It will be ignored.", source: https://www.altium.com/ad-start/ (0)
[1110/122335:INFO:CONSOLE(0)] "Unrecognized Content-Security-Policy directive 'worker-src'.
", source: https://www.altium.com/ad-start/ (0)
[1113/143753:INFO:CONSOLE(0)] "The source list for Content Security Policy directive 'script-src' contains an invalid source: ''report-sample''. It will be ignored.", source: https://www.altium.com/ad-start/ (0)
[1113/143753:INFO:CONSOLE(0)] "Unrecognized Content-Security-Policy directive 'worker-src'.
", source: https://www.altium.com/ad-start/ (0)
[1114/105945:ERROR:dns_config_service_win.cc(750)] DNS config watch failed.
[1124/094043:INFO:CONSOLE(0)] "The source list for Content Security Policy directive 'script-src' contains an invalid source: ''report-sample''. It will be ignored.", source: https://www.altium.com/ad-start/ (0)
[1124/094043:INFO:CONSOLE(0)] "Unrecognized Content-Security-Policy directive 'worker-src'.
", source: https://www.altium.com/ad-start/ (0)
[1129/102737:INFO:CONSOLE(0)] "The source list for Content Security Policy directive 'script-src' contains an invalid source: ''report-sample''. It will be ignored.", source: https://www.altium.com/ad-start/ (0)
[1129/102737:INFO:CONSOLE(0)] "Unrecognized Content-Security-Policy directive 'worker-src'.
", source: https://www.altium.com/ad-start/ (0)
[1129/103947:ERROR:ipc_channel_win.cc(519)] pipe error: 232
[1129/174255:INFO:CONSOLE(0)] "The source list for Content Security Policy directive 'script-src' contains an invalid source: ''report-sample''. It will be ignored.", source: https://www.altium.com/ad-start/ (0)
[1129/174255:INFO:CONSOLE(0)] "Unrecognized Content-Security-Policy directive 'worker-src'.
", source: https://www.altium.com/ad-start/ (0)
[1130/155842:INFO:CONSOLE(0)] "The source list for Content Security Policy directive 'script-src' contains an invalid source: ''report-sample''. It will be ignored.", source: https://www.altium.com/ad-start/ (0)
[1130/155842:INFO:CONSOLE(0)] "Unrecognized Content-Security-Policy directive 'worker-src'.
", source: https://www.altium.com/ad-start/ (0)
[1130/175423:INFO:CONSOLE(0)] "The source list for Content Security Policy directive 'script-src' contains an invalid source: ''report-sample''. It will be ignored.", source: https://www.altium.com/ad-start/ (0)
[1130/175423:INFO:CONSOLE(0)] "Unrecognized Content-Security-Policy directive 'worker-src'.
", source: https://www.altium.com/ad-start/ (0)
[1130/175815:INFO:CONSOLE(0)] "The source list for Content Security Policy directive 'script-src' contains an invalid source: ''report-sample''. It will be ignored.", source: https://www.altium.com/ad-start/ (0)
[1130/175815:INFO:CONSOLE(0)] "Unrecognized Content-Security-Policy directive 'worker-src'.
", source: https://www.altium.com/ad-start/ (0)
[1211/172345:INFO:CONSOLE(0)] "The source list for Content Security Policy directive 'script-src' contains an invalid source: ''report-sample''. It will be ignored.", source: https://www.altium.com/ad-start/ (0)
[1211/172345:INFO:CONSOLE(0)] "Unrecognized Content-Security-Policy directive 'worker-src'.
", source: https://www.altium.com/ad-start/ (0)
[1212/162732:INFO:CONSOLE(0)] "The source list for Content Security Policy directive 'script-src' contains an invalid source: ''report-sample''. It will be ignored.", source: https://www.altium.com/ad-start/ (0)
[1212/162732:INFO:CONSOLE(0)] "Unrecognized Content-Security-Policy directive 'worker-src'.
", source: https://www.altium.com/ad-start/ (0)
[1213/183349:INFO:CONSOLE(0)] "The source list for Content Security Policy directive 'script-src' contains an invalid source: ''report-sample''. It will be ignored.", source: https://www.altium.com/ad-start/ (0)
[1213/183349:INFO:CONSOLE(0)] "Unrecognized Content-Security-Policy directive 'worker-src'.
", source: https://www.altium.com/ad-start/ (0)
[1214/143315:INFO:CONSOLE(0)] "The source list for Content Security Policy directive 'script-src' contains an invalid source: ''report-sample''. It will be ignored.", source: https://www.altium.com/ad-start/ (0)
[1214/143315:INFO:CONSOLE(0)] "Unrecognized Content-Security-Policy directive 'worker-src'.
", source: https://www.altium.com/ad-start/ (0)
[1214/154408:ERROR:dns_config_service_win.cc(750)] DNS config watch failed.
[1214/180650:INFO:CONSOLE(0)] "The source list for Content Security Policy directive 'script-src' contains an invalid source: ''report-sample''. It will be ignored.", source: https://www.altium.com/ad-start/ (0)
[1214/180650:INFO:CONSOLE(0)] "Unrecognized Content-Security-Policy directive 'worker-src'.
", source: https://www.altium.com/ad-start/ (0)
[1214/184505:INFO:CONSOLE(0)] "The source list for Content Security Policy directive 'script-src' contains an invalid source: ''report-sample''. It will be ignored.", source: https://www.altium.com/ad-start/ (0)
[1214/184505:INFO:CONSOLE(0)] "Unrecognized Content-Security-Policy directive 'worker-src'.
", source: https://www.altium.com/ad-start/ (0)
[1215/135514:INFO:CONSOLE(0)] "The source list for Content Security Policy directive 'script-src' contains an invalid source: ''report-sample''. It will be ignored.", source: https://www.altium.com/ad-start/ (0)
[1215/135514:INFO:CONSOLE(0)] "Unrecognized Content-Security-Policy directive 'worker-src'.
", source: https://www.altium.com/ad-start/ (0)
[1229/095559:INFO:CONSOLE(0)] "The source list for Content Security Policy directive 'script-src' contains an invalid source: ''report-sample''. It will be ignored.", source: https://www.altium.com/ad-start/ (0)
[1229/095559:INFO:CONSOLE(0)] "Unrecognized Content-Security-Policy directive 'worker-src'.
", source: https://www.altium.com/ad-start/ (0)
[1229/154510:INFO:CONSOLE(0)] "The source list for Content Security Policy directive 'script-src' contains an invalid source: ''report-sample''. It will be ignored.", source: https://www.altium.com/ad-start/ (0)
[1229/154510:INFO:CONSOLE(0)] "Unrecognized Content-Security-Policy directive 'worker-src'.
", source: https://www.altium.com/ad-start/ (0)
[0109/172635:INFO:CONSOLE(0)] "The source list for Content Security Policy directive 'script-src' contains an invalid source: ''report-sample''. It will be ignored.", source: https://www.altium.com/ad-start/ (0)
[0109/172635:INFO:CONSOLE(0)] "Unrecognized Content-Security-Policy directive 'worker-src'.
", source: https://www.altium.com/ad-start/ (0)
[0116/122902:INFO:CONSOLE(0)] "The source list for Content Security Policy directive 'script-src' contains an invalid source: ''report-sample''. It will be ignored.", source: https://www.altium.com/ad-start/ (0)
[0116/122902:INFO:CONSOLE(0)] "Unrecognized Content-Security-Policy directive 'worker-src'.
", source: https://www.altium.com/ad-start/ (0)
[0119/182609:INFO:CONSOLE(0)] "The source list for Content Security Policy directive 'script-src' contains an invalid source: ''report-sample''. It will be ignored.", source: https://www.altium.com/ad-start/ (0)
[0119/182609:INFO:CONSOLE(0)] "Unrecognized Content-Security-Policy directive 'worker-src'.
", source: https://www.altium.com/ad-start/ (0)
[0119/202421:INFO:CONSOLE(0)] "The source list for Content Security Policy directive 'script-src' contains an invalid source: ''report-sample''. It will be ignored.", source: https://www.altium.com/ad-start/ (0)
[0119/202421:INFO:CONSOLE(0)] "Unrecognized Content-Security-Policy directive 'worker-src'.
", source: https://www.altium.com/ad-start/ (0)
[0125/162305:INFO:CONSOLE(0)] "The source list for Content Security Policy directive 'script-src' contains an invalid source: ''report-sample''. It will be ignored.", source: https://www.altium.com/ad-start/ (0)
[0125/162305:INFO:CONSOLE(0)] "Unrecognized Content-Security-Policy directive 'worker-src'.
", source: https://www.altium.com/ad-start/ (0)
[0126/110703:ERROR:dns_config_service_win.cc(750)] DNS config watch failed.
